<?xml version="1.0" encoding="UTF-8"?>
<testng-results skipped="0" failed="0" ignored="0" total="1" passed="1">
  <reporter-output>
    <line>
      <![CDATA[<a href='D:\Automation Practice\Automation Practice\uiAutomation\src\main\java\com\test\automation\uiAutomation\screenShots\success\VerifySuccessfulLogin_14-12-17-10-12-59.png'><img src='D:\Automation Practice\Automation Practice\uiAutomation\src\main\java\com\test\automation\uiAutomation\screenShots\success\VerifySuccessfulLogin_14-12-17-10-12-59.png' width=100 height=100/></a>]]>
    </line>
    <line>
      <![CDATA[<a href='D:\Automation Practice\Automation Practice\uiAutomation\src\main\java\com\test\automation\uiAutomation\screenShots\blank_14-12-17-10-12-59.png'><img src='D:\Automation Practice\Automation Practice\uiAutomation\src\main\java\com\test\automation\uiAutomation\screenShots\blank_14-12-17-10-12-59.png' width=100 height=100/></a>]]>
    </line>
  </reporter-output>
  <suite name="Suite" duration-ms="16443" started-at="2017-07-14T04:42:45Z" finished-at="2017-07-14T04:43:01Z">
    <groups>
    </groups>
    <test name="Test" duration-ms="16443" started-at="2017-07-14T04:42:45Z" finished-at="2017-07-14T04:43:01Z">
      <class name="com.test.automation.uiAutomation.homePage.TC001_VerifySuccessfulLogin">
        <test-method status="PASS" signature="setup()[pri:0, instance:com.test.automation.uiAutomation.homePage.TC001_VerifySuccessfulLogin@4fcd19b3]" name="setup" is-config="true" duration-ms="7703" started-at="2017-07-14T10:12:45Z" finished-at="2017-07-14T10:12:53Z">
          <reporter-output>
          </reporter-output>
        </test-method> <!-- setup -->
        <test-method status="PASS" signature="beforeMethod(java.lang.reflect.Method)[pri:0, instance:com.test.automation.uiAutomation.homePage.TC001_VerifySuccessfulLogin@4fcd19b3]" name="beforeMethod" is-config="true" duration-ms="6" started-at="2017-07-14T10:12:53Z" finished-at="2017-07-14T10:12:53Z">
          <params>
            <param index="0">
              <value>
                <![CDATA[public void com.test.automation.uiAutomation.homePage.TC001_VerifySuccessfulLogin.VerifySuccessfulLogin(java.lang.String,java.lang.String,java.lang.String)]]>
              </value>
            </param>
          </params>
          <reporter-output>
          </reporter-output>
        </test-method> <!-- beforeMethod -->
        <test-method status="PASS" signature="VerifySuccessfulLogin(java.lang.String, java.lang.String, java.lang.String)[pri:0, instance:com.test.automation.uiAutomation.homePage.TC001_VerifySuccessfulLogin@4fcd19b3]" name="VerifySuccessfulLogin" duration-ms="5706" started-at="2017-07-14T10:12:53Z" data-provider="LoginData" finished-at="2017-07-14T10:12:59Z">
          <params>
            <param index="0">
              <value>
                <![CDATA[admin]]>
              </value>
            </param>
            <param index="1">
              <value>
                <![CDATA[admin]]>
              </value>
            </param>
            <param index="2">
              <value>
                <![CDATA[Y]]>
              </value>
            </param>
          </params>
          <reporter-output>
            <line>
              <![CDATA[<a href='D:\Automation Practice\Automation Practice\uiAutomation\src\main\java\com\test\automation\uiAutomation\screenShots\success\VerifySuccessfulLogin_14-12-17-10-12-59.png'><img src='D:\Automation Practice\Automation Practice\uiAutomation\src\main\java\com\test\automation\uiAutomation\screenShots\success\VerifySuccessfulLogin_14-12-17-10-12-59.png' width=100 height=100/></a>]]>
            </line>
          </reporter-output>
        </test-method> <!-- VerifySuccessfulLogin -->
        <test-method status="PASS" signature="afterMethod(org.testng.ITestResult, java.lang.reflect.Method)[pri:0, instance:com.test.automation.uiAutomation.homePage.TC001_VerifySuccessfulLogin@4fcd19b3]" name="afterMethod" is-config="true" duration-ms="416" started-at="2017-07-14T10:12:59Z" finished-at="2017-07-14T10:13:00Z">
          <params>
            <param index="0">
              <value>
                <![CDATA[[TestResult name=VerifySuccessfulLogin status=SUCCESS method=TC001_VerifySuccessfulLogin.VerifySuccessfulLogin(java.lang.String, java.lang.String, java.lang.String)[pri:0, instance:com.test.automation.uiAutomation.homePage.TC001_VerifySuccessfulLogin@4fcd19b3] output=<a href='D:\Automation Practice\Automation Practice\uiAutomation\src\main\java\com\test\automation\uiAutomation\screenShots\success\VerifySuccessfulLogin_14-12-17-10-12-59.png'><img src='D:\Automation Practice\Automation Practice\uiAutomation\src\main\java\com\test\automation\uiAutomation\screenShots\success\VerifySuccessfulLogin_14-12-17-10-12-59.png' width=100 height=100/></a>]]]>
              </value>
            </param>
            <param index="1">
              <value>
                <![CDATA[public void com.test.automation.uiAutomation.homePage.TC001_VerifySuccessfulLogin.VerifySuccessfulLogin(java.lang.String,java.lang.String,java.lang.String)]]>
              </value>
            </param>
          </params>
          <reporter-output>
            <line>
              <![CDATA[<a href='D:\Automation Practice\Automation Practice\uiAutomation\src\main\java\com\test\automation\uiAutomation\screenShots\blank_14-12-17-10-12-59.png'><img src='D:\Automation Practice\Automation Practice\uiAutomation\src\main\java\com\test\automation\uiAutomation\screenShots\blank_14-12-17-10-12-59.png' width=100 height=100/></a>]]>
            </line>
          </reporter-output>
        </test-method> <!-- afterMethod -->
        <test-method status="PASS" signature="endTest()[pri:0, instance:com.test.automation.uiAutomation.homePage.TC001_VerifySuccessfulLogin@4fcd19b3]" name="endTest" is-config="true" duration-ms="1655" started-at="2017-07-14T10:13:00Z" finished-at="2017-07-14T10:13:01Z">
          <reporter-output>
          </reporter-output>
        </test-method> <!-- endTest -->
      </class> <!-- com.test.automation.uiAutomation.homePage.TC001_VerifySuccessfulLogin -->
    </test> <!-- Test -->
  </suite> <!-- Suite -->
</testng-results>
