<?xml version="1.0" encoding="UTF-8"?>
<testng-results skipped="0" failed="0" ignored="0" total="1" passed="1">
  <reporter-output>
    <line>
      <![CDATA[<a href='D:\Automation Practice\Automation Practice\uiAutomation\src\main\java\com\test\automation\uiAutomation\screenShots\blank_14-33-17-10-33-21.png'><img src='D:\Automation Practice\Automation Practice\uiAutomation\src\main\java\com\test\automation\uiAutomation\screenShots\blank_14-33-17-10-33-21.png' width=100 height=100/></a>]]>
    </line>
  </reporter-output>
  <suite name="Suite" duration-ms="18822" started-at="2017-07-14T05:03:04Z" finished-at="2017-07-14T05:03:23Z">
    <groups>
    </groups>
    <test name="Test" duration-ms="18822" started-at="2017-07-14T05:03:04Z" finished-at="2017-07-14T05:03:23Z">
      <class name="com.test.automation.uiAutomation.homePage.TC001_VerifySuccessfulLogin">
        <test-method status="PASS" signature="setup()[pri:0, instance:com.test.automation.uiAutomation.homePage.TC001_VerifySuccessfulLogin@5204062d]" name="setup" is-config="true" duration-ms="10321" started-at="2017-07-14T10:33:04Z" finished-at="2017-07-14T10:33:15Z">
          <reporter-output>
          </reporter-output>
        </test-method> <!-- setup -->
        <test-method status="PASS" signature="beforeMethod(java.lang.reflect.Method)[pri:0, instance:com.test.automation.uiAutomation.homePage.TC001_VerifySuccessfulLogin@5204062d]" name="beforeMethod" is-config="true" duration-ms="5" started-at="2017-07-14T10:33:15Z" finished-at="2017-07-14T10:33:15Z">
          <params>
            <param index="0">
              <value>
                <![CDATA[public void com.test.automation.uiAutomation.homePage.TC001_VerifySuccessfulLogin.VerifySuccessfulLogin(java.lang.String,java.lang.String,java.lang.String)]]>
              </value>
            </param>
          </params>
          <reporter-output>
          </reporter-output>
        </test-method> <!-- beforeMethod -->
        <test-method status="PASS" signature="VerifySuccessfulLogin(java.lang.String, java.lang.String, java.lang.String)[pri:0, instance:com.test.automation.uiAutomation.homePage.TC001_VerifySuccessfulLogin@5204062d]" name="VerifySuccessfulLogin" duration-ms="5715" started-at="2017-07-14T10:33:15Z" data-provider="LoginData" finished-at="2017-07-14T10:33:21Z">
          <params>
            <param index="0">
              <value>
                <![CDATA[admin]]>
              </value>
            </param>
            <param index="1">
              <value>
                <![CDATA[admin]]>
              </value>
            </param>
            <param index="2">
              <value>
                <![CDATA[Y]]>
              </value>
            </param>
          </params>
          <reporter-output>
          </reporter-output>
        </test-method> <!-- VerifySuccessfulLogin -->
        <test-method status="PASS" signature="afterMethod(org.testng.ITestResult, java.lang.reflect.Method)[pri:0, instance:com.test.automation.uiAutomation.homePage.TC001_VerifySuccessfulLogin@5204062d]" name="afterMethod" is-config="true" duration-ms="428" started-at="2017-07-14T10:33:21Z" finished-at="2017-07-14T10:33:21Z">
          <params>
            <param index="0">
              <value>
                <![CDATA[[TestResult name=VerifySuccessfulLogin status=SUCCESS method=TC001_VerifySuccessfulLogin.VerifySuccessfulLogin(java.lang.String, java.lang.String, java.lang.String)[pri:0, instance:com.test.automation.uiAutomation.homePage.TC001_VerifySuccessfulLogin@5204062d] output={null}]]]>
              </value>
            </param>
            <param index="1">
              <value>
                <![CDATA[public void com.test.automation.uiAutomation.homePage.TC001_VerifySuccessfulLogin.VerifySuccessfulLogin(java.lang.String,java.lang.String,java.lang.String)]]>
              </value>
            </param>
          </params>
          <reporter-output>
            <line>
              <![CDATA[<a href='D:\Automation Practice\Automation Practice\uiAutomation\src\main\java\com\test\automation\uiAutomation\screenShots\blank_14-33-17-10-33-21.png'><img src='D:\Automation Practice\Automation Practice\uiAutomation\src\main\java\com\test\automation\uiAutomation\screenShots\blank_14-33-17-10-33-21.png' width=100 height=100/></a>]]>
            </line>
          </reporter-output>
        </test-method> <!-- afterMethod -->
        <test-method status="PASS" signature="endTest()[pri:0, instance:com.test.automation.uiAutomation.homePage.TC001_VerifySuccessfulLogin@5204062d]" name="endTest" is-config="true" duration-ms="1824" started-at="2017-07-14T10:33:21Z" finished-at="2017-07-14T10:33:23Z">
          <reporter-output>
          </reporter-output>
        </test-method> <!-- endTest -->
      </class> <!-- com.test.automation.uiAutomation.homePage.TC001_VerifySuccessfulLogin -->
    </test> <!-- Test -->
  </suite> <!-- Suite -->
</testng-results>
